\BOOKMARK [0][-]{chapter.1}{Вступление}{}% 1
\BOOKMARK [0][-]{chapter.2}{Введение в R}{}% 2
\BOOKMARK [1][-]{section.2.1}{Наука о данных}{chapter.2}% 3
\BOOKMARK [1][-]{section.2.2}{Установка R и RStudio}{chapter.2}% 4
\BOOKMARK [1][-]{section.2.3}{Полезные ссылки}{chapter.2}% 5
\BOOKMARK [1][-]{section.2.4}{Rstudio}{chapter.2}% 6
\BOOKMARK [1][-]{section.2.5}{Введение в R}{chapter.2}% 7
\BOOKMARK [1][-]{section.2.6}{Типы данных}{chapter.2}% 8
\BOOKMARK [1][-]{section.2.7}{Вектор}{chapter.2}% 9
\BOOKMARK [1][-]{section.2.8}{Матрицы \(matrix\)}{chapter.2}% 10
\BOOKMARK [1][-]{section.2.9}{Списки \(list\)}{chapter.2}% 11
\BOOKMARK [1][-]{section.2.10}{Data.frame}{chapter.2}% 12
\BOOKMARK [1][-]{section.2.11}{Начинаем работу с реальными данными}{chapter.2}% 13
\BOOKMARK [1][-]{section.2.12}{Препроцессинг данных в R}{chapter.2}% 14
\BOOKMARK [0][-]{chapter.3}{Трансформация данных}{}% 15
\BOOKMARK [0][-]{chapter.4}{Визуализация данных}{}% 16
\BOOKMARK [0][-]{chapter.5}{Условия и работа со списками}{}% 17
\BOOKMARK [0][-]{chapter.6}{Представление данных: rmarkdown, github, shiny}{}% 18
\BOOKMARK [0][-]{chapter.7}{Работа со строками}{}% 19
\BOOKMARK [0][-]{chapter.8}{Работа с текстами: tidytext, udpipe}{}% 20
\BOOKMARK [0][-]{chapter.9}{Сбор данных из интернета: rvest}{}% 21
\BOOKMARK [0][-]{chapter.10}{Нестандартные данные: время, OCR, карты}{}% 22
\BOOKMARK [0][-]{chapter.11}{Задания}{}% 23
\BOOKMARK [1][-]{section.11.1}{Вектор. Операции с векторами}{chapter.11}% 24
\BOOKMARK [1][-]{section.11.2}{Вектор. Индексирование}{chapter.11}% 25
\BOOKMARK [1][-]{section.11.3}{Матрицы}{chapter.11}% 26
\BOOKMARK [0][-]{chapter.12}{Решения_заданий}{}% 27
\BOOKMARK [1][-]{section.12.1}{Вектор. Операции с векторами}{chapter.12}% 28
\BOOKMARK [1][-]{section.12.2}{Вектор. Индексирование}{chapter.12}% 29
\BOOKMARK [1][-]{section.12.3}{Матрицы}{chapter.12}% 30
